<?xml version="1.0" encoding="UTF-8"?>
<!-- Generated by org.testng.reporters.JUnitReportReporter -->
<testsuite hostname="DESKTOP-77JFD19" failures="0" tests="2" name="Srilatha.SeleniumFrameworkDesign.Tests.ErrorValidationTest" time="54.967" errors="0" timestamp="2024-08-09T16:23:20 IST" skipped="0">
  <testcase classname="Srilatha.SeleniumFrameworkDesign.Tests.ErrorValidationTest" name="loginErrorValidation" time="14.453"/>
  <system-out/>
  <testcase classname="Srilatha.SeleniumFrameworkDesign.Tests.ErrorValidationTest" name="productErrorValidation" time="40.514"/>
  <system-out/>
</testsuite> <!-- Srilatha.SeleniumFrameworkDesign.Tests.ErrorValidationTest -->
