<?xml version="1.0" encoding="UTF-8"?>
<!-- Generated by org.testng.reporters.JUnitReportReporter -->
<testsuite hostname="DESKTOP-77JFD19" failures="0" tests="1" name="Srilatha.SeleniumFrameworkDesign.Tests.ErrorValidation" time="12.176" errors="0" timestamp="2024-08-05T11:10:39 IST" skipped="0">
  <testcase classname="Srilatha.SeleniumFrameworkDesign.Tests.ErrorValidation" name="submitOrder" time="12.176"/>
  <system-out/>
</testsuite> <!-- Srilatha.SeleniumFrameworkDesign.Tests.ErrorValidation -->
