<?xml version="1.0" encoding="UTF-8"?>
<!-- Generated by org.testng.reporters.JUnitReportReporter -->
<testsuite hostname="DESKTOP-77JFD19" failures="0" tests="2" name="Srilatha.SeleniumFrameworkDesign.Tests.SubmitOrderTest" time="63.903" errors="0" timestamp="2024-08-09T19:24:09 IST" skipped="0">
  <testcase classname="Srilatha.SeleniumFrameworkDesign.Tests.SubmitOrderTest" name="submitOrder" time="27.089"/>
  <system-out/>
  <testcase classname="Srilatha.SeleniumFrameworkDesign.Tests.SubmitOrderTest" name="submitOrder" time="36.814"/>
  <system-out/>
</testsuite> <!-- Srilatha.SeleniumFrameworkDesign.Tests.SubmitOrderTest -->
